CRITICAL - 2026-02-09 09:23:34 --> Error: Cannot use object of type stdClass as array
[Method: GET, Route: api/visit/by-user/2026-01-01/2026-12-01]
in APPPATH/Controllers/Visit.php on line 19.
 1 SYSTEMPATH/CodeIgniter.php(951): App\Controllers\Visit->byUser()
 2 SYSTEMPATH/CodeIgniter.php(497): CodeIgniter\CodeIgniter->runController()
 3 SYSTEMPATH/CodeIgniter.php(340): CodeIgniter\CodeIgniter->handleRequest()
 4 SYSTEMPATH/Boot.php(417): CodeIgniter\CodeIgniter->run()
 5 SYSTEMPATH/Boot.php(68): CodeIgniter\Boot::runCodeIgniter()
 6 FCPATH/index.php(59): CodeIgniter\Boot::bootWeb()
 7 SYSTEMPATH/rewrite.php(44): require_once('/mnt/DATA/SINAU/ci4/visit_be/public/index.php')
ERROR - 2026-02-09 09:23:57 --> Table 'visit.customer' doesn't exist
in SYSTEMPATH/Database/MySQLi/Connection.php on line 300.
 1 SYSTEMPATH/Database/MySQLi/Connection.php(300): mysqli->query()
 2 SYSTEMPATH/Database/BaseConnection.php(769): CodeIgniter\Database\MySQLi\Connection->execute()
 3 SYSTEMPATH/Database/BaseConnection.php(686): CodeIgniter\Database\BaseConnection->simpleQuery()
 4 SYSTEMPATH/Database/BaseBuilder.php(1649): CodeIgniter\Database\BaseConnection->query()
 5 APPPATH/Models/ModelVisits.php(80): CodeIgniter\Database\BaseBuilder->get()
 6 APPPATH/Controllers/Visit.php(19): App\Models\ModelVisits->byUser()
 7 SYSTEMPATH/CodeIgniter.php(951): App\Controllers\Visit->byUser()
 8 SYSTEMPATH/CodeIgniter.php(497): CodeIgniter\CodeIgniter->runController()
 9 SYSTEMPATH/CodeIgniter.php(340): CodeIgniter\CodeIgniter->handleRequest()
10 SYSTEMPATH/Boot.php(417): CodeIgniter\CodeIgniter->run()
11 SYSTEMPATH/Boot.php(68): CodeIgniter\Boot::runCodeIgniter()
12 FCPATH/index.php(59): CodeIgniter\Boot::bootWeb()
13 SYSTEMPATH/rewrite.php(44): require_once('/mnt/DATA/SINAU/ci4/visit_be/public/index.php')
CRITICAL - 2026-02-09 09:23:57 --> CodeIgniter\Database\Exceptions\DatabaseException: Table 'visit.customer' doesn't exist
[Method: GET, Route: api/visit/by-user/2026-01-01/2026-12-01]
in SYSTEMPATH/Database/BaseConnection.php on line 724.
 1 SYSTEMPATH/Database/BaseBuilder.php(1649): CodeIgniter\Database\BaseConnection->query()
 2 APPPATH/Models/ModelVisits.php(80): CodeIgniter\Database\BaseBuilder->get()
 3 APPPATH/Controllers/Visit.php(19): App\Models\ModelVisits->byUser()
 4 SYSTEMPATH/CodeIgniter.php(951): App\Controllers\Visit->byUser()
 5 SYSTEMPATH/CodeIgniter.php(497): CodeIgniter\CodeIgniter->runController()
 6 SYSTEMPATH/CodeIgniter.php(340): CodeIgniter\CodeIgniter->handleRequest()
 7 SYSTEMPATH/Boot.php(417): CodeIgniter\CodeIgniter->run()
 8 SYSTEMPATH/Boot.php(68): CodeIgniter\Boot::runCodeIgniter()
 9 FCPATH/index.php(59): CodeIgniter\Boot::bootWeb()
10 SYSTEMPATH/rewrite.php(44): require_once('/mnt/DATA/SINAU/ci4/visit_be/public/index.php')
CRITICAL - 2026-02-09 09:23:57 --> [Caused by] CodeIgniter\Database\Exceptions\DatabaseException: Table 'visit.customer' doesn't exist
in SYSTEMPATH/Database/MySQLi/Connection.php on line 310.
 1 SYSTEMPATH/Database/BaseConnection.php(769): CodeIgniter\Database\MySQLi\Connection->execute()
 2 SYSTEMPATH/Database/BaseConnection.php(686): CodeIgniter\Database\BaseConnection->simpleQuery()
 3 SYSTEMPATH/Database/BaseBuilder.php(1649): CodeIgniter\Database\BaseConnection->query()
 4 APPPATH/Models/ModelVisits.php(80): CodeIgniter\Database\BaseBuilder->get()
 5 APPPATH/Controllers/Visit.php(19): App\Models\ModelVisits->byUser()
 6 SYSTEMPATH/CodeIgniter.php(951): App\Controllers\Visit->byUser()
 7 SYSTEMPATH/CodeIgniter.php(497): CodeIgniter\CodeIgniter->runController()
 8 SYSTEMPATH/CodeIgniter.php(340): CodeIgniter\CodeIgniter->handleRequest()
 9 SYSTEMPATH/Boot.php(417): CodeIgniter\CodeIgniter->run()
10 SYSTEMPATH/Boot.php(68): CodeIgniter\Boot::runCodeIgniter()
11 FCPATH/index.php(59): CodeIgniter\Boot::bootWeb()
12 SYSTEMPATH/rewrite.php(44): require_once('/mnt/DATA/SINAU/ci4/visit_be/public/index.php')
CRITICAL - 2026-02-09 09:23:57 --> [Caused by] mysqli_sql_exception: Table 'visit.customer' doesn't exist
in SYSTEMPATH/Database/MySQLi/Connection.php on line 300.
 1 SYSTEMPATH/Database/MySQLi/Connection.php(300): mysqli->query()
 2 SYSTEMPATH/Database/BaseConnection.php(769): CodeIgniter\Database\MySQLi\Connection->execute()
 3 SYSTEMPATH/Database/BaseConnection.php(686): CodeIgniter\Database\BaseConnection->simpleQuery()
 4 SYSTEMPATH/Database/BaseBuilder.php(1649): CodeIgniter\Database\BaseConnection->query()
 5 APPPATH/Models/ModelVisits.php(80): CodeIgniter\Database\BaseBuilder->get()
 6 APPPATH/Controllers/Visit.php(19): App\Models\ModelVisits->byUser()
 7 SYSTEMPATH/CodeIgniter.php(951): App\Controllers\Visit->byUser()
 8 SYSTEMPATH/CodeIgniter.php(497): CodeIgniter\CodeIgniter->runController()
 9 SYSTEMPATH/CodeIgniter.php(340): CodeIgniter\CodeIgniter->handleRequest()
10 SYSTEMPATH/Boot.php(417): CodeIgniter\CodeIgniter->run()
11 SYSTEMPATH/Boot.php(68): CodeIgniter\Boot::runCodeIgniter()
12 FCPATH/index.php(59): CodeIgniter\Boot::bootWeb()
13 SYSTEMPATH/rewrite.php(44): require_once('/mnt/DATA/SINAU/ci4/visit_be/public/index.php')
ERROR - 2026-02-09 09:27:57 --> Table 'visit.customer' doesn't exist
in SYSTEMPATH/Database/MySQLi/Connection.php on line 300.
 1 SYSTEMPATH/Database/MySQLi/Connection.php(300): mysqli->query()
 2 SYSTEMPATH/Database/BaseConnection.php(769): CodeIgniter\Database\MySQLi\Connection->execute()
 3 SYSTEMPATH/Database/BaseConnection.php(686): CodeIgniter\Database\BaseConnection->simpleQuery()
 4 SYSTEMPATH/Database/BaseBuilder.php(1649): CodeIgniter\Database\BaseConnection->query()
 5 APPPATH/Models/ModelVisits.php(80): CodeIgniter\Database\BaseBuilder->get()
 6 APPPATH/Controllers/Visit.php(19): App\Models\ModelVisits->byUser()
 7 SYSTEMPATH/CodeIgniter.php(951): App\Controllers\Visit->byUser()
 8 SYSTEMPATH/CodeIgniter.php(497): CodeIgniter\CodeIgniter->runController()
 9 SYSTEMPATH/CodeIgniter.php(340): CodeIgniter\CodeIgniter->handleRequest()
10 SYSTEMPATH/Boot.php(417): CodeIgniter\CodeIgniter->run()
11 SYSTEMPATH/Boot.php(68): CodeIgniter\Boot::runCodeIgniter()
12 FCPATH/index.php(59): CodeIgniter\Boot::bootWeb()
13 SYSTEMPATH/rewrite.php(44): require_once('/mnt/DATA/SINAU/ci4/visit_be/public/index.php')
CRITICAL - 2026-02-09 09:27:57 --> CodeIgniter\Database\Exceptions\DatabaseException: Table 'visit.customer' doesn't exist
[Method: GET, Route: api/visit/by-user/2026-01-01/2026-12-01]
in SYSTEMPATH/Database/BaseConnection.php on line 724.
 1 SYSTEMPATH/Database/BaseBuilder.php(1649): CodeIgniter\Database\BaseConnection->query()
 2 APPPATH/Models/ModelVisits.php(80): CodeIgniter\Database\BaseBuilder->get()
 3 APPPATH/Controllers/Visit.php(19): App\Models\ModelVisits->byUser()
 4 SYSTEMPATH/CodeIgniter.php(951): App\Controllers\Visit->byUser()
 5 SYSTEMPATH/CodeIgniter.php(497): CodeIgniter\CodeIgniter->runController()
 6 SYSTEMPATH/CodeIgniter.php(340): CodeIgniter\CodeIgniter->handleRequest()
 7 SYSTEMPATH/Boot.php(417): CodeIgniter\CodeIgniter->run()
 8 SYSTEMPATH/Boot.php(68): CodeIgniter\Boot::runCodeIgniter()
 9 FCPATH/index.php(59): CodeIgniter\Boot::bootWeb()
10 SYSTEMPATH/rewrite.php(44): require_once('/mnt/DATA/SINAU/ci4/visit_be/public/index.php')
CRITICAL - 2026-02-09 09:27:57 --> [Caused by] CodeIgniter\Database\Exceptions\DatabaseException: Table 'visit.customer' doesn't exist
in SYSTEMPATH/Database/MySQLi/Connection.php on line 310.
 1 SYSTEMPATH/Database/BaseConnection.php(769): CodeIgniter\Database\MySQLi\Connection->execute()
 2 SYSTEMPATH/Database/BaseConnection.php(686): CodeIgniter\Database\BaseConnection->simpleQuery()
 3 SYSTEMPATH/Database/BaseBuilder.php(1649): CodeIgniter\Database\BaseConnection->query()
 4 APPPATH/Models/ModelVisits.php(80): CodeIgniter\Database\BaseBuilder->get()
 5 APPPATH/Controllers/Visit.php(19): App\Models\ModelVisits->byUser()
 6 SYSTEMPATH/CodeIgniter.php(951): App\Controllers\Visit->byUser()
 7 SYSTEMPATH/CodeIgniter.php(497): CodeIgniter\CodeIgniter->runController()
 8 SYSTEMPATH/CodeIgniter.php(340): CodeIgniter\CodeIgniter->handleRequest()
 9 SYSTEMPATH/Boot.php(417): CodeIgniter\CodeIgniter->run()
10 SYSTEMPATH/Boot.php(68): CodeIgniter\Boot::runCodeIgniter()
11 FCPATH/index.php(59): CodeIgniter\Boot::bootWeb()
12 SYSTEMPATH/rewrite.php(44): require_once('/mnt/DATA/SINAU/ci4/visit_be/public/index.php')
CRITICAL - 2026-02-09 09:27:57 --> [Caused by] mysqli_sql_exception: Table 'visit.customer' doesn't exist
in SYSTEMPATH/Database/MySQLi/Connection.php on line 300.
 1 SYSTEMPATH/Database/MySQLi/Connection.php(300): mysqli->query()
 2 SYSTEMPATH/Database/BaseConnection.php(769): CodeIgniter\Database\MySQLi\Connection->execute()
 3 SYSTEMPATH/Database/BaseConnection.php(686): CodeIgniter\Database\BaseConnection->simpleQuery()
 4 SYSTEMPATH/Database/BaseBuilder.php(1649): CodeIgniter\Database\BaseConnection->query()
 5 APPPATH/Models/ModelVisits.php(80): CodeIgniter\Database\BaseBuilder->get()
 6 APPPATH/Controllers/Visit.php(19): App\Models\ModelVisits->byUser()
 7 SYSTEMPATH/CodeIgniter.php(951): App\Controllers\Visit->byUser()
 8 SYSTEMPATH/CodeIgniter.php(497): CodeIgniter\CodeIgniter->runController()
 9 SYSTEMPATH/CodeIgniter.php(340): CodeIgniter\CodeIgniter->handleRequest()
10 SYSTEMPATH/Boot.php(417): CodeIgniter\CodeIgniter->run()
11 SYSTEMPATH/Boot.php(68): CodeIgniter\Boot::runCodeIgniter()
12 FCPATH/index.php(59): CodeIgniter\Boot::bootWeb()
13 SYSTEMPATH/rewrite.php(44): require_once('/mnt/DATA/SINAU/ci4/visit_be/public/index.php')
ERROR - 2026-02-09 09:28:17 --> Unknown column 'v.update_at' in 'SELECT'
in SYSTEMPATH/Database/MySQLi/Connection.php on line 300.
 1 SYSTEMPATH/Database/MySQLi/Connection.php(300): mysqli->query()
 2 SYSTEMPATH/Database/BaseConnection.php(769): CodeIgniter\Database\MySQLi\Connection->execute()
 3 SYSTEMPATH/Database/BaseConnection.php(686): CodeIgniter\Database\BaseConnection->simpleQuery()
 4 SYSTEMPATH/Database/BaseBuilder.php(1649): CodeIgniter\Database\BaseConnection->query()
 5 APPPATH/Models/ModelVisits.php(80): CodeIgniter\Database\BaseBuilder->get()
 6 APPPATH/Controllers/Visit.php(19): App\Models\ModelVisits->byUser()
 7 SYSTEMPATH/CodeIgniter.php(951): App\Controllers\Visit->byUser()
 8 SYSTEMPATH/CodeIgniter.php(497): CodeIgniter\CodeIgniter->runController()
 9 SYSTEMPATH/CodeIgniter.php(340): CodeIgniter\CodeIgniter->handleRequest()
10 SYSTEMPATH/Boot.php(417): CodeIgniter\CodeIgniter->run()
11 SYSTEMPATH/Boot.php(68): CodeIgniter\Boot::runCodeIgniter()
12 FCPATH/index.php(59): CodeIgniter\Boot::bootWeb()
13 SYSTEMPATH/rewrite.php(44): require_once('/mnt/DATA/SINAU/ci4/visit_be/public/index.php')
CRITICAL - 2026-02-09 09:28:17 --> CodeIgniter\Database\Exceptions\DatabaseException: Unknown column 'v.update_at' in 'SELECT'
[Method: GET, Route: api/visit/by-user/2026-01-01/2026-12-01]
in SYSTEMPATH/Database/BaseConnection.php on line 724.
 1 SYSTEMPATH/Database/BaseBuilder.php(1649): CodeIgniter\Database\BaseConnection->query()
 2 APPPATH/Models/ModelVisits.php(80): CodeIgniter\Database\BaseBuilder->get()
 3 APPPATH/Controllers/Visit.php(19): App\Models\ModelVisits->byUser()
 4 SYSTEMPATH/CodeIgniter.php(951): App\Controllers\Visit->byUser()
 5 SYSTEMPATH/CodeIgniter.php(497): CodeIgniter\CodeIgniter->runController()
 6 SYSTEMPATH/CodeIgniter.php(340): CodeIgniter\CodeIgniter->handleRequest()
 7 SYSTEMPATH/Boot.php(417): CodeIgniter\CodeIgniter->run()
 8 SYSTEMPATH/Boot.php(68): CodeIgniter\Boot::runCodeIgniter()
 9 FCPATH/index.php(59): CodeIgniter\Boot::bootWeb()
10 SYSTEMPATH/rewrite.php(44): require_once('/mnt/DATA/SINAU/ci4/visit_be/public/index.php')
CRITICAL - 2026-02-09 09:28:17 --> [Caused by] CodeIgniter\Database\Exceptions\DatabaseException: Unknown column 'v.update_at' in 'SELECT'
in SYSTEMPATH/Database/MySQLi/Connection.php on line 310.
 1 SYSTEMPATH/Database/BaseConnection.php(769): CodeIgniter\Database\MySQLi\Connection->execute()
 2 SYSTEMPATH/Database/BaseConnection.php(686): CodeIgniter\Database\BaseConnection->simpleQuery()
 3 SYSTEMPATH/Database/BaseBuilder.php(1649): CodeIgniter\Database\BaseConnection->query()
 4 APPPATH/Models/ModelVisits.php(80): CodeIgniter\Database\BaseBuilder->get()
 5 APPPATH/Controllers/Visit.php(19): App\Models\ModelVisits->byUser()
 6 SYSTEMPATH/CodeIgniter.php(951): App\Controllers\Visit->byUser()
 7 SYSTEMPATH/CodeIgniter.php(497): CodeIgniter\CodeIgniter->runController()
 8 SYSTEMPATH/CodeIgniter.php(340): CodeIgniter\CodeIgniter->handleRequest()
 9 SYSTEMPATH/Boot.php(417): CodeIgniter\CodeIgniter->run()
10 SYSTEMPATH/Boot.php(68): CodeIgniter\Boot::runCodeIgniter()
11 FCPATH/index.php(59): CodeIgniter\Boot::bootWeb()
12 SYSTEMPATH/rewrite.php(44): require_once('/mnt/DATA/SINAU/ci4/visit_be/public/index.php')
CRITICAL - 2026-02-09 09:28:17 --> [Caused by] mysqli_sql_exception: Unknown column 'v.update_at' in 'SELECT'
in SYSTEMPATH/Database/MySQLi/Connection.php on line 300.
 1 SYSTEMPATH/Database/MySQLi/Connection.php(300): mysqli->query()
 2 SYSTEMPATH/Database/BaseConnection.php(769): CodeIgniter\Database\MySQLi\Connection->execute()
 3 SYSTEMPATH/Database/BaseConnection.php(686): CodeIgniter\Database\BaseConnection->simpleQuery()
 4 SYSTEMPATH/Database/BaseBuilder.php(1649): CodeIgniter\Database\BaseConnection->query()
 5 APPPATH/Models/ModelVisits.php(80): CodeIgniter\Database\BaseBuilder->get()
 6 APPPATH/Controllers/Visit.php(19): App\Models\ModelVisits->byUser()
 7 SYSTEMPATH/CodeIgniter.php(951): App\Controllers\Visit->byUser()
 8 SYSTEMPATH/CodeIgniter.php(497): CodeIgniter\CodeIgniter->runController()
 9 SYSTEMPATH/CodeIgniter.php(340): CodeIgniter\CodeIgniter->handleRequest()
10 SYSTEMPATH/Boot.php(417): CodeIgniter\CodeIgniter->run()
11 SYSTEMPATH/Boot.php(68): CodeIgniter\Boot::runCodeIgniter()
12 FCPATH/index.php(59): CodeIgniter\Boot::bootWeb()
13 SYSTEMPATH/rewrite.php(44): require_once('/mnt/DATA/SINAU/ci4/visit_be/public/index.php')
ERROR - 2026-02-09 13:45:01 --> Table 'visit.customer' doesn't exist
in SYSTEMPATH/Database/MySQLi/Connection.php on line 300.
 1 SYSTEMPATH/Database/MySQLi/Connection.php(300): mysqli->query()
 2 SYSTEMPATH/Database/BaseConnection.php(769): CodeIgniter\Database\MySQLi\Connection->execute()
 3 SYSTEMPATH/Database/BaseConnection.php(686): CodeIgniter\Database\BaseConnection->simpleQuery()
 4 SYSTEMPATH/Database/BaseBuilder.php(1649): CodeIgniter\Database\BaseConnection->query()
 5 APPPATH/Models/ModelVisits.php(54): CodeIgniter\Database\BaseBuilder->get()
 6 APPPATH/Controllers/Visit.php(30): App\Models\ModelVisits->byUserToDay()
 7 SYSTEMPATH/CodeIgniter.php(951): App\Controllers\Visit->byUserToDay()
 8 SYSTEMPATH/CodeIgniter.php(497): CodeIgniter\CodeIgniter->runController()
 9 SYSTEMPATH/CodeIgniter.php(340): CodeIgniter\CodeIgniter->handleRequest()
10 SYSTEMPATH/Boot.php(417): CodeIgniter\CodeIgniter->run()
11 SYSTEMPATH/Boot.php(68): CodeIgniter\Boot::runCodeIgniter()
12 FCPATH/index.php(59): CodeIgniter\Boot::bootWeb()
13 SYSTEMPATH/rewrite.php(44): require_once('/mnt/DATA/SINAU/ci4/visit_be/public/index.php')
CRITICAL - 2026-02-09 13:45:01 --> CodeIgniter\Database\Exceptions\DatabaseException: Table 'visit.customer' doesn't exist
[Method: GET, Route: api/visit/by-user-to-day]
in SYSTEMPATH/Database/BaseConnection.php on line 724.
 1 SYSTEMPATH/Database/BaseBuilder.php(1649): CodeIgniter\Database\BaseConnection->query()
 2 APPPATH/Models/ModelVisits.php(54): CodeIgniter\Database\BaseBuilder->get()
 3 APPPATH/Controllers/Visit.php(30): App\Models\ModelVisits->byUserToDay()
 4 SYSTEMPATH/CodeIgniter.php(951): App\Controllers\Visit->byUserToDay()
 5 SYSTEMPATH/CodeIgniter.php(497): CodeIgniter\CodeIgniter->runController()
 6 SYSTEMPATH/CodeIgniter.php(340): CodeIgniter\CodeIgniter->handleRequest()
 7 SYSTEMPATH/Boot.php(417): CodeIgniter\CodeIgniter->run()
 8 SYSTEMPATH/Boot.php(68): CodeIgniter\Boot::runCodeIgniter()
 9 FCPATH/index.php(59): CodeIgniter\Boot::bootWeb()
10 SYSTEMPATH/rewrite.php(44): require_once('/mnt/DATA/SINAU/ci4/visit_be/public/index.php')
CRITICAL - 2026-02-09 13:45:01 --> [Caused by] CodeIgniter\Database\Exceptions\DatabaseException: Table 'visit.customer' doesn't exist
in SYSTEMPATH/Database/MySQLi/Connection.php on line 310.
 1 SYSTEMPATH/Database/BaseConnection.php(769): CodeIgniter\Database\MySQLi\Connection->execute()
 2 SYSTEMPATH/Database/BaseConnection.php(686): CodeIgniter\Database\BaseConnection->simpleQuery()
 3 SYSTEMPATH/Database/BaseBuilder.php(1649): CodeIgniter\Database\BaseConnection->query()
 4 APPPATH/Models/ModelVisits.php(54): CodeIgniter\Database\BaseBuilder->get()
 5 APPPATH/Controllers/Visit.php(30): App\Models\ModelVisits->byUserToDay()
 6 SYSTEMPATH/CodeIgniter.php(951): App\Controllers\Visit->byUserToDay()
 7 SYSTEMPATH/CodeIgniter.php(497): CodeIgniter\CodeIgniter->runController()
 8 SYSTEMPATH/CodeIgniter.php(340): CodeIgniter\CodeIgniter->handleRequest()
 9 SYSTEMPATH/Boot.php(417): CodeIgniter\CodeIgniter->run()
10 SYSTEMPATH/Boot.php(68): CodeIgniter\Boot::runCodeIgniter()
11 FCPATH/index.php(59): CodeIgniter\Boot::bootWeb()
12 SYSTEMPATH/rewrite.php(44): require_once('/mnt/DATA/SINAU/ci4/visit_be/public/index.php')
CRITICAL - 2026-02-09 13:45:01 --> [Caused by] mysqli_sql_exception: Table 'visit.customer' doesn't exist
in SYSTEMPATH/Database/MySQLi/Connection.php on line 300.
 1 SYSTEMPATH/Database/MySQLi/Connection.php(300): mysqli->query()
 2 SYSTEMPATH/Database/BaseConnection.php(769): CodeIgniter\Database\MySQLi\Connection->execute()
 3 SYSTEMPATH/Database/BaseConnection.php(686): CodeIgniter\Database\BaseConnection->simpleQuery()
 4 SYSTEMPATH/Database/BaseBuilder.php(1649): CodeIgniter\Database\BaseConnection->query()
 5 APPPATH/Models/ModelVisits.php(54): CodeIgniter\Database\BaseBuilder->get()
 6 APPPATH/Controllers/Visit.php(30): App\Models\ModelVisits->byUserToDay()
 7 SYSTEMPATH/CodeIgniter.php(951): App\Controllers\Visit->byUserToDay()
 8 SYSTEMPATH/CodeIgniter.php(497): CodeIgniter\CodeIgniter->runController()
 9 SYSTEMPATH/CodeIgniter.php(340): CodeIgniter\CodeIgniter->handleRequest()
10 SYSTEMPATH/Boot.php(417): CodeIgniter\CodeIgniter->run()
11 SYSTEMPATH/Boot.php(68): CodeIgniter\Boot::runCodeIgniter()
12 FCPATH/index.php(59): CodeIgniter\Boot::bootWeb()
13 SYSTEMPATH/rewrite.php(44): require_once('/mnt/DATA/SINAU/ci4/visit_be/public/index.php')
